<?xml version="1.0" encoding="UTF-8" standalone="no"?>
<testsuite failures="0" name="cucumber.runtime.formatter.JUnitFormatter" skipped="0" tests="1" time="11.168962">
    <testcase classname="CRM login feature" name="CRM login test scenario" time="11.168962">
        <system-out>
            <![CDATA[Given Page Title is CRM.....................................................passed
Then user enters username and password......................................passed
Then user to validate home page.............................................passed
]]>
        </system-out>
    </testcase>
</testsuite>
